<?xml version="1.0" encoding="UTF-8"?>
<testng-results ignored="0" total="2" passed="1" failed="1" skipped="0">
  <reporter-output>
    <line>
      <![CDATA[==server connected successfully==]]>
    </line>
    <line>
      <![CDATA[==database connected successfully]]>
    </line>
    <line>
      <![CDATA[browser chrome launched successfully]]>
    </line>
    <line>
      <![CDATA[Screenshot taken successfully]]>
    </line>
    <line>
      <![CDATA[browser closed sucessfully]]>
    </line>
    <line>
      <![CDATA[==database closed successfully==]]>
    </line>
    <line>
      <![CDATA[==server closed successfully]]>
    </line>
  </reporter-output>
  <suite started-at="2025-06-07T05:32:11Z" name="Default suite" finished-at="2025-06-07T05:32:22Z" duration-ms="10886">
    <groups>
      <group name="ST">
        <method signature="AddToCartTest.login()[pri:0, instance:com.Ecommerce.testscripts.addToCartModule.AddToCartTest@5be46f9d]" name="login" class="com.Ecommerce.testscripts.addToCartModule.AddToCartTest"/>
        <method signature="AddToCartTest.addToCart()[pri:0, instance:com.Ecommerce.testscripts.addToCartModule.AddToCartTest@5be46f9d]" name="addToCart" class="com.Ecommerce.testscripts.addToCartModule.AddToCartTest"/>
      </group> <!-- ST -->
      <group name="RT">
        <method signature="AddToCartTest.addToCart()[pri:0, instance:com.Ecommerce.testscripts.addToCartModule.AddToCartTest@5be46f9d]" name="addToCart" class="com.Ecommerce.testscripts.addToCartModule.AddToCartTest"/>
      </group> <!-- RT -->
    </groups>
    <test started-at="2025-06-07T05:32:11Z" name="Default test" finished-at="2025-06-07T05:32:22Z" duration-ms="10886">
      <class name="com.Ecommerce.testscripts.addToCartModule.AddToCartTest">
        <test-method is-config="true" signature="toConnectServer()[pri:0, instance:com.Ecommerce.testscripts.addToCartModule.AddToCartTest@5be46f9d]" started-at="2025-06-07T05:32:11Z" name="toConnectServer" finished-at="2025-06-07T05:32:11Z" duration-ms="17" status="PASS">
          <reporter-output>
            <line>
              <![CDATA[==server connected successfully==]]>
            </line>
          </reporter-output>
        </test-method> <!-- toConnectServer -->
        <test-method is-config="true" signature="toConnectDatabase()[pri:0, instance:com.Ecommerce.testscripts.addToCartModule.AddToCartTest@5be46f9d]" started-at="2025-06-07T05:32:11Z" name="toConnectDatabase" finished-at="2025-06-07T05:32:11Z" duration-ms="1" status="PASS">
          <reporter-output>
            <line>
              <![CDATA[==database connected successfully]]>
            </line>
          </reporter-output>
        </test-method> <!-- toConnectDatabase -->
        <test-method is-config="true" signature="setUp(java.lang.String)[pri:0, instance:com.Ecommerce.testscripts.addToCartModule.AddToCartTest@5be46f9d]" started-at="2025-06-07T05:32:11Z" name="setUp" finished-at="2025-06-07T05:32:18Z" duration-ms="6611" status="PASS">
          <params>
            <param index="0">
              <value>
                <![CDATA[chrome]]>
              </value>
            </param>
          </params>
          <reporter-output>
            <line>
              <![CDATA[browser chrome launched successfully]]>
            </line>
          </reporter-output>
        </test-method> <!-- setUp -->
        <test-method signature="login()[pri:0, instance:com.Ecommerce.testscripts.addToCartModule.AddToCartTest@5be46f9d]" started-at="2025-06-07T05:32:18Z" name="login" finished-at="2025-06-07T05:32:20Z" duration-ms="2148" status="PASS">
          <reporter-output>
          </reporter-output>
        </test-method> <!-- login -->
        <test-method signature="addToCart()[pri:0, instance:com.Ecommerce.testscripts.addToCartModule.AddToCartTest@5be46f9d]" started-at="2025-06-07T05:32:20Z" name="addToCart" finished-at="2025-06-07T05:32:21Z" depends-on-methods="com.Ecommerce.testscripts.addToCartModule.AddToCartTest.login" duration-ms="1478" status="FAIL">
          <exception class="org.openqa.selenium.InvalidSelectorException">
            <message>
              <![CDATA[invalid selector: Unable to locate an element with the xpath expression //a[text()='Computing and Internet']/../..//input[@value='Ad] because of the following error:
SyntaxError: Failed to execute 'evaluate' on 'Document': The string '//a[text()='Computing and Internet']/../..//input[@value='Ad]' is not a valid XPath expression.
  (Session info: chrome=137.0.7151.56)
For documentation on this error, please visit: https://www.selenium.dev/documentation/webdriver/troubleshooting/errors#invalid-selector-exception
Build info: version: '4.26.0', revision: '8ccf0219d7'
System info: os.name: 'Windows 11', os.arch: 'amd64', os.version: '10.0', java.version: '20.0.2'
Driver info: org.openqa.selenium.chrome.ChromeDriver
Command: [429aa80d029813c75e9541b538e221f8, findElement {value=//a[text()='Computing and Internet']/../..//input[@value='Ad], using=xpath}]
Capabilities {acceptInsecureCerts: false, browserName: chrome, browserVersion: 137.0.7151.56, chrome: {chromedriverVersion: 137.0.7151.68 (2989ffee9373..., userDataDir: C:\Users\AMANSI~1\AppData\L...}, fedcm:accounts: true, goog:chromeOptions: {debuggerAddress: localhost:50502}, networkConnectionEnabled: false, pageLoadStrategy: normal, platformName: windows, proxy: Proxy(), se:cdp: ws://localhost:50502/devtoo..., se:cdpVersion: 137.0.7151.56, setWindowRect: true, strictFileInteractability: false, timeouts: {implicit: 0, pageLoad: 300000, script: 30000}, unhandledPromptBehavior: dismiss and notify, webauthn:extension:credBlob: true, webauthn:extension:largeBlob: true, webauthn:extension:minPinLength: true, webauthn:extension:prf: true, webauthn:virtualAuthenticators: true}
Session ID: 429aa80d029813c75e9541b538e221f8]]>
            </message>
            <full-stacktrace>
              <![CDATA[org.openqa.selenium.InvalidSelectorException: invalid selector: Unable to locate an element with the xpath expression //a[text()='Computing and Internet']/../..//input[@value='Ad] because of the following error:
SyntaxError: Failed to execute 'evaluate' on 'Document': The string '//a[text()='Computing and Internet']/../..//input[@value='Ad]' is not a valid XPath expression.
  (Session info: chrome=137.0.7151.56)
For documentation on this error, please visit: https://www.selenium.dev/documentation/webdriver/troubleshooting/errors#invalid-selector-exception
Build info: version: '4.26.0', revision: '8ccf0219d7'
System info: os.name: 'Windows 11', os.arch: 'amd64', os.version: '10.0', java.version: '20.0.2'
Driver info: org.openqa.selenium.chrome.ChromeDriver
Command: [429aa80d029813c75e9541b538e221f8, findElement {value=//a[text()='Computing and Internet']/../..//input[@value='Ad], using=xpath}]
Capabilities {acceptInsecureCerts: false, browserName: chrome, browserVersion: 137.0.7151.56, chrome: {chromedriverVersion: 137.0.7151.68 (2989ffee9373..., userDataDir: C:\Users\AMANSI~1\AppData\L...}, fedcm:accounts: true, goog:chromeOptions: {debuggerAddress: localhost:50502}, networkConnectionEnabled: false, pageLoadStrategy: normal, platformName: windows, proxy: Proxy(), se:cdp: ws://localhost:50502/devtoo..., se:cdpVersion: 137.0.7151.56, setWindowRect: true, strictFileInteractability: false, timeouts: {implicit: 0, pageLoad: 300000, script: 30000}, unhandledPromptBehavior: dismiss and notify, webauthn:extension:credBlob: true, webauthn:extension:largeBlob: true, webauthn:extension:minPinLength: true, webauthn:extension:prf: true, webauthn:virtualAuthenticators: true}
Session ID: 429aa80d029813c75e9541b538e221f8
at java.base/jdk.internal.reflect.DirectConstructorHandleAccessor.newInstance(DirectConstructorHandleAccessor.java:67)
at java.base/java.lang.reflect.Constructor.newInstanceWithCaller(Constructor.java:500)
at java.base/java.lang.reflect.Constructor.newInstance(Constructor.java:484)
at org.openqa.selenium.remote.ErrorCodec.decode(ErrorCodec.java:167)
at org.openqa.selenium.remote.codec.w3c.W3CHttpResponseCodec.decode(W3CHttpResponseCodec.java:138)
at org.openqa.selenium.remote.codec.w3c.W3CHttpResponseCodec.decode(W3CHttpResponseCodec.java:50)
at org.openqa.selenium.remote.HttpCommandExecutor.execute(HttpCommandExecutor.java:190)
at org.openqa.selenium.remote.service.DriverCommandExecutor.invokeExecute(DriverCommandExecutor.java:216)
at org.openqa.selenium.remote.service.DriverCommandExecutor.execute(DriverCommandExecutor.java:174)
at org.openqa.selenium.remote.RemoteWebDriver.execute(RemoteWebDriver.java:545)
at org.openqa.selenium.remote.ElementLocation$ElementFinder$2.findElement(ElementLocation.java:165)
at org.openqa.selenium.remote.ElementLocation.findElement(ElementLocation.java:59)
at org.openqa.selenium.remote.RemoteWebDriver.findElement(RemoteWebDriver.java:368)
at org.openqa.selenium.remote.RemoteWebDriver.findElement(RemoteWebDriver.java:362)
at org.openqa.selenium.support.pagefactory.DefaultElementLocator.findElement(DefaultElementLocator.java:68)
at org.openqa.selenium.support.pagefactory.internal.LocatingElementHandler.invoke(LocatingElementHandler.java:38)
at jdk.proxy2/jdk.proxy2.$Proxy20.click(Unknown Source)
at com.Ecommerce.testscripts.addToCartModule.AddToCartTest.addToCart(AddToCartTest.java:39)
at java.base/jdk.internal.reflect.DirectMethodHandleAccessor.invoke(DirectMethodHandleAccessor.java:104)
at java.base/java.lang.reflect.Method.invoke(Method.java:578)
at org.testng.internal.MethodInvocationHelper.invokeMethod(MethodInvocationHelper.java:124)
at org.testng.internal.Invoker.invokeMethod(Invoker.java:583)
at org.testng.internal.Invoker.invokeTestMethod(Invoker.java:719)
at org.testng.internal.Invoker.invokeTestMethods(Invoker.java:989)
at org.testng.internal.TestMethodWorker.invokeTestMethods(TestMethodWorker.java:125)
at org.testng.internal.TestMethodWorker.run(TestMethodWorker.java:109)
at org.testng.TestRunner.privateRun(TestRunner.java:648)
at org.testng.TestRunner.run(TestRunner.java:505)
at org.testng.SuiteRunner.runTest(SuiteRunner.java:455)
at org.testng.SuiteRunner.runSequentially(SuiteRunner.java:450)
at org.testng.SuiteRunner.privateRun(SuiteRunner.java:415)
at org.testng.SuiteRunner.run(SuiteRunner.java:364)
at org.testng.SuiteRunnerWorker.runSuite(SuiteRunnerWorker.java:52)
at org.testng.SuiteRunnerWorker.run(SuiteRunnerWorker.java:84)
at org.testng.TestNG.runSuitesSequentially(TestNG.java:1208)
at org.testng.TestNG.runSuitesLocally(TestNG.java:1137)
at org.testng.TestNG.runSuites(TestNG.java:1049)
at org.testng.TestNG.run(TestNG.java:1017)
at org.testng.remote.AbstractRemoteTestNG.run(AbstractRemoteTestNG.java:115)
at org.testng.remote.RemoteTestNG.initAndRun(RemoteTestNG.java:293)
at org.testng.remote.RemoteTestNG.main(RemoteTestNG.java:91)
]]>
            </full-stacktrace>
          </exception> <!-- org.openqa.selenium.InvalidSelectorException -->
          <reporter-output>
            <line>
              <![CDATA[Screenshot taken successfully]]>
            </line>
          </reporter-output>
        </test-method> <!-- addToCart -->
        <test-method is-config="true" signature="tearDown()[pri:0, instance:com.Ecommerce.testscripts.addToCartModule.AddToCartTest@5be46f9d]" started-at="2025-06-07T05:32:22Z" name="tearDown" finished-at="2025-06-07T05:32:22Z" duration-ms="375" status="PASS">
          <reporter-output>
            <line>
              <![CDATA[browser closed sucessfully]]>
            </line>
          </reporter-output>
        </test-method> <!-- tearDown -->
        <test-method is-config="true" signature="toCloseDatabase()[pri:0, instance:com.Ecommerce.testscripts.addToCartModule.AddToCartTest@5be46f9d]" started-at="2025-06-07T05:32:22Z" name="toCloseDatabase" finished-at="2025-06-07T05:32:22Z" duration-ms="2" status="PASS">
          <reporter-output>
            <line>
              <![CDATA[==database closed successfully==]]>
            </line>
          </reporter-output>
        </test-method> <!-- toCloseDatabase -->
        <test-method is-config="true" signature="toCloseServer()[pri:0, instance:com.Ecommerce.testscripts.addToCartModule.AddToCartTest@5be46f9d]" started-at="2025-06-07T05:32:22Z" name="toCloseServer" finished-at="2025-06-07T05:32:22Z" duration-ms="2" status="PASS">
          <reporter-output>
            <line>
              <![CDATA[==server closed successfully]]>
            </line>
          </reporter-output>
        </test-method> <!-- toCloseServer -->
      </class> <!-- com.Ecommerce.testscripts.addToCartModule.AddToCartTest -->
    </test> <!-- Default test -->
  </suite> <!-- Default suite -->
</testng-results>
