<?xml version="1.0" encoding="UTF-8"?>
<testng-results ignored="10" total="12" passed="2" failed="0" skipped="0">
  <reporter-output>
    <line>
      <![CDATA[==server connected successfully==]]>
    </line>
    <line>
      <![CDATA[==database connected successfully]]>
    </line>
    <line>
      <![CDATA[browser chrome launched successfully]]>
    </line>
    <line>
      <![CDATA[add to cart test script executed successfuly]]>
    </line>
    <line>
      <![CDATA[browser closed sucessfully]]>
    </line>
    <line>
      <![CDATA[==database closed successfully==]]>
    </line>
    <line>
      <![CDATA[==server closed successfully]]>
    </line>
  </reporter-output>
  <suite started-at="2025-06-01T09:21:54Z" name="Suite" finished-at="2025-06-01T09:22:14Z" duration-ms="20209">
    <groups>
      <group name="ST">
        <method signature="AddToCartTest.login()[pri:0, instance:com.Ecommerce.testscripts.addToCartModule.AddToCartTest@31ff43be]" name="login" class="com.Ecommerce.testscripts.addToCartModule.AddToCartTest"/>
        <method signature="AddToCartTest.addToCart()[pri:0, instance:com.Ecommerce.testscripts.addToCartModule.AddToCartTest@31ff43be]" name="addToCart" class="com.Ecommerce.testscripts.addToCartModule.AddToCartTest"/>
      </group> <!-- ST -->
      <group name="RT">
        <method signature="AddToCartTest.addToCart()[pri:0, instance:com.Ecommerce.testscripts.addToCartModule.AddToCartTest@31ff43be]" name="addToCart" class="com.Ecommerce.testscripts.addToCartModule.AddToCartTest"/>
      </group> <!-- RT -->
    </groups>
    <test started-at="2025-06-01T09:21:54Z" name="Test" finished-at="2025-06-01T09:22:14Z" duration-ms="20209">
      <class name="com.Ecommerce.testscripts.addToCartModule.AddToCartTest">
        <test-method is-config="true" signature="setUp(java.lang.String)[pri:0, instance:com.Ecommerce.testscripts.addToCartModule.AddToCartTest@31ff43be]" started-at="2025-06-01T09:21:54Z" name="setUp" finished-at="2025-06-01T09:21:59Z" duration-ms="5864" status="PASS">
          <params>
            <param index="0">
              <value>
                <![CDATA[chrome]]>
              </value>
            </param>
          </params>
          <reporter-output>
            <line>
              <![CDATA[browser chrome launched successfully]]>
            </line>
          </reporter-output>
        </test-method> <!-- setUp -->
        <test-method signature="login()[pri:0, instance:com.Ecommerce.testscripts.addToCartModule.AddToCartTest@31ff43be]" started-at="2025-06-01T09:21:59Z" name="login" finished-at="2025-06-01T09:22:02Z" duration-ms="2671" status="PASS">
          <reporter-output>
          </reporter-output>
        </test-method> <!-- login -->
        <test-method signature="addToCart()[pri:0, instance:com.Ecommerce.testscripts.addToCartModule.AddToCartTest@31ff43be]" started-at="2025-06-01T09:22:02Z" name="addToCart" finished-at="2025-06-01T09:22:12Z" depends-on-methods="com.Ecommerce.testscripts.addToCartModule.AddToCartTest.login" duration-ms="9532" status="PASS">
          <reporter-output>
            <line>
              <![CDATA[add to cart test script executed successfuly]]>
            </line>
          </reporter-output>
        </test-method> <!-- addToCart -->
        <test-method is-config="true" signature="tearDown()[pri:0, instance:com.Ecommerce.testscripts.addToCartModule.AddToCartTest@31ff43be]" started-at="2025-06-01T09:22:12Z" name="tearDown" finished-at="2025-06-01T09:22:14Z" duration-ms="2087" status="PASS">
          <reporter-output>
            <line>
              <![CDATA[browser closed sucessfully]]>
            </line>
          </reporter-output>
        </test-method> <!-- tearDown -->
      </class> <!-- com.Ecommerce.testscripts.addToCartModule.AddToCartTest -->
      <class name="com.Ecommerce.testscripts.loginModule.ValidLoginTest">
        <test-method is-config="true" signature="toConnectServer()[pri:0, instance:com.Ecommerce.testscripts.loginModule.ValidLoginTest@1fa1cab1]" started-at="2025-06-01T09:21:53Z" name="toConnectServer" finished-at="2025-06-01T09:21:54Z" duration-ms="31" status="PASS">
          <reporter-output>
            <line>
              <![CDATA[==server connected successfully==]]>
            </line>
          </reporter-output>
        </test-method> <!-- toConnectServer -->
        <test-method is-config="true" signature="toConnectDatabase()[pri:0, instance:com.Ecommerce.testscripts.loginModule.ValidLoginTest@1fa1cab1]" started-at="2025-06-01T09:21:54Z" name="toConnectDatabase" finished-at="2025-06-01T09:21:54Z" duration-ms="1" status="PASS">
          <reporter-output>
            <line>
              <![CDATA[==database connected successfully]]>
            </line>
          </reporter-output>
        </test-method> <!-- toConnectDatabase -->
        <test-method is-config="true" signature="toCloseDatabase()[pri:0, instance:com.Ecommerce.testscripts.loginModule.ValidLoginTest@1fa1cab1]" started-at="2025-06-01T09:22:14Z" name="toCloseDatabase" finished-at="2025-06-01T09:22:14Z" duration-ms="0" status="PASS">
          <reporter-output>
            <line>
              <![CDATA[==database closed successfully==]]>
            </line>
          </reporter-output>
        </test-method> <!-- toCloseDatabase -->
        <test-method is-config="true" signature="toCloseServer()[pri:0, instance:com.Ecommerce.testscripts.loginModule.ValidLoginTest@1fa1cab1]" started-at="2025-06-01T09:22:14Z" name="toCloseServer" finished-at="2025-06-01T09:22:14Z" duration-ms="0" status="PASS">
          <reporter-output>
            <line>
              <![CDATA[==server closed successfully]]>
            </line>
          </reporter-output>
        </test-method> <!-- toCloseServer -->
      </class> <!-- com.Ecommerce.testscripts.loginModule.ValidLoginTest -->
    </test> <!-- Test -->
  </suite> <!-- Suite -->
</testng-results>
