<?xml version="1.0" encoding="UTF-8"?>
<!-- Generated by org.testng.reporters.JUnitXMLReporter -->
<testsuite ignored="10" hostname="LAPTOP-EEAS1CV9" failures="0" tests="2" name="Test" time="20.209" errors="0" timestamp="01 Jun 2025 09:22:14 GMT">
  <testcase classname="com.Ecommerce.testscripts.addToCartModule.AddToCartTest" name="login" time="2.671"/>
  <testcase classname="com.Ecommerce.testscripts.addToCartModule.AddToCartTest" name="addToCart" time="9.532"/>
  <testcase classname="com.Ecommerce.genericLibrary.BaseClass" name="@AfterTest toCloseDatabase" time="0.0">
    <ignored/>
  </testcase> <!-- @AfterTest toCloseDatabase -->
  <testcase classname="com.Ecommerce.genericLibrary.BaseClass" name="@AfterTest toCloseDatabase" time="0.0">
    <ignored/>
  </testcase> <!-- @AfterTest toCloseDatabase -->
  <testcase classname="com.Ecommerce.testscripts.loginModule.ValidLoginTest" name="login" time="0.0">
    <ignored/>
  </testcase> <!-- login -->
  <testcase classname="com.Ecommerce.testscripts.regsiterModule.RegisterTest" name="register" time="0.0">
    <ignored/>
  </testcase> <!-- register -->
  <testcase classname="com.Ecommerce.genericLibrary.BaseClass" name="@BeforeTest toConnectDatabase" time="0.0">
    <ignored/>
  </testcase> <!-- @BeforeTest toConnectDatabase -->
  <testcase classname="com.Ecommerce.genericLibrary.BaseClass" name="@BeforeTest toConnectDatabase" time="0.0">
    <ignored/>
  </testcase> <!-- @BeforeTest toConnectDatabase -->
  <testcase classname="com.Ecommerce.genericLibrary.BaseClass" name="@BeforeSuite toConnectServer" time="0.0">
    <ignored/>
  </testcase> <!-- @BeforeSuite toConnectServer -->
  <testcase classname="com.Ecommerce.genericLibrary.BaseClass" name="@BeforeSuite toConnectServer" time="0.0">
    <ignored/>
  </testcase> <!-- @BeforeSuite toConnectServer -->
  <testcase classname="com.Ecommerce.genericLibrary.BaseClass" name="@AfterSuite toCloseServer" time="0.0">
    <ignored/>
  </testcase> <!-- @AfterSuite toCloseServer -->
  <testcase classname="com.Ecommerce.genericLibrary.BaseClass" name="@AfterSuite toCloseServer" time="0.0">
    <ignored/>
  </testcase> <!-- @AfterSuite toCloseServer -->
</testsuite> <!-- Test -->
