<?xml version="1.0" encoding="UTF-8"?>
<!-- Generated by org.testng.reporters.JUnitXMLReporter -->
<testsuite ignored="0" hostname="LAPTOP-EEAS1CV9" failures="0" tests="9" name="Test1" time="37.649" errors="0" timestamp="01 Jun 2025 09:06:22 GMT">
  <testcase classname="com.Ecommerce.testscripts.regsiterModule.RegisterTest" name="register" time="3.48"/>
  <testcase classname="com.Ecommerce.testscripts.regsiterModule.RegisterTest" name="register" time="3.214"/>
  <testcase classname="com.Ecommerce.testscripts.regsiterModule.RegisterTest" name="register" time="3.256"/>
  <testcase classname="com.Ecommerce.testscripts.regsiterModule.RegisterTest" name="register" time="3.143"/>
  <testcase classname="com.Ecommerce.testscripts.regsiterModule.RegisterTest" name="register" time="3.061"/>
  <testcase classname="com.Ecommerce.testscripts.regsiterModule.RegisterTest" name="register" time="3.104"/>
  <testcase classname="com.Ecommerce.testscripts.regsiterModule.RegisterTest" name="register" time="3.076"/>
  <testcase classname="com.Ecommerce.testscripts.regsiterModule.RegisterTest" name="register" time="3.162"/>
  <testcase classname="com.Ecommerce.testscripts.regsiterModule.RegisterTest" name="register" time="3.346"/>
</testsuite> <!-- Test1 -->
