<?xml version="1.0" encoding="UTF-8"?>
<!-- Generated by org.testng.reporters.JUnitXMLReporter -->
<testsuite ignored="4" hostname="LAPTOP-EEAS1CV9" failures="0" tests="2" name="Test" time="38.368" errors="0" timestamp="25 May 2025 05:12:11 GMT">
  <testcase classname="com.Ecommerce.testscripts.regsiterModule.RegisterTest" name="register" time="16.386"/>
  <testcase classname="com.Ecommerce.testscripts.loginModule.ValidLoginTest" name="login" time="7.476"/>
  <testcase classname="com.Ecommerce.genericLibrary.BaseClass" name="@AfterTest toCloseDatabase" time="0.0">
    <ignored/>
  </testcase> <!-- @AfterTest toCloseDatabase -->
  <testcase classname="com.Ecommerce.genericLibrary.BaseClass" name="@BeforeTest toConnectDatabase" time="0.0">
    <ignored/>
  </testcase> <!-- @BeforeTest toConnectDatabase -->
  <testcase classname="com.Ecommerce.genericLibrary.BaseClass" name="@BeforeSuite toConnectServer" time="0.0">
    <ignored/>
  </testcase> <!-- @BeforeSuite toConnectServer -->
  <testcase classname="com.Ecommerce.genericLibrary.BaseClass" name="@AfterSuite toCloseServer" time="0.0">
    <ignored/>
  </testcase> <!-- @AfterSuite toCloseServer -->
</testsuite> <!-- Test -->
