<?xml version="1.0" encoding="UTF-8"?>
<!-- Generated by org.testng.reporters.JUnitXMLReporter -->
<testsuite ignored="0" hostname="LAPTOP-EEAS1CV9" failures="0" tests="2" name="Default test" time="16.883" errors="0" timestamp="01 Jun 2025 08:42:24 GMT">
  <testcase classname="com.Ecommerce.testscripts.addToCartModule.AddToCartTest" name="login" time="1.965"/>
  <testcase classname="com.Ecommerce.testscripts.addToCartModule.AddToCartTest" name="addToCart" time="8.798"/>
</testsuite> <!-- Default test -->
